#
# A fatal error has been detected by the Java Runtime Environment:
#
#  Internal Error (javaClasses.cpp:127), pid=8812, tid=139838122010368
#  fatal error: Invalid layout of preloaded class
#
# JRE version:  (8.0_40-b25) (build )
# Java VM: Java HotSpot(TM) 64-Bit Server VM (25.40-b25 mixed mode linux-amd64 compressed oops)
# Failed to write core dump. Core dumps have been disabled. To enable core dumping, try "ulimit -c unlimited" before starting Java again
#
# If you would like to submit a bug report, please visit:
#   http://bugreport.java.com/bugreport/crash.jsp
#

---------------  T H R E A D  ---------------

Current thread (0x00007f2e9000a000):  JavaThread "Unknown thread" [_thread_in_vm, id=8817, stack(0x00007f2e9986a000,0x00007f2e9996b000)]

Stack: [0x00007f2e9986a000,0x00007f2e9996b000],  sp=0x00007f2e99969810,  free space=1022k
Native frames: (J=compiled Java code, j=interpreted, Vv=VM code, C=native code)
V  [libjvm.so+0xaaca9a]  VMError::report_and_die()+0x2ba
V  [libjvm.so+0x4f2de9]  report_fatal(char const*, int, char const*)+0x59
V  [libjvm.so+0x68af5b]  compute_offset(int&, Klass*, Symbol*, Symbol*, bool)+0x20b
V  [libjvm.so+0x68bcf9]  java_lang_String::compute_offsets()+0x39
V  [libjvm.so+0xa24ed6]  SystemDictionary::initialize_preloaded_classes(Thread*)+0x86
V  [libjvm.so+0xa7570c]  Universe::genesis(Thread*)+0x3cc
V  [libjvm.so+0xa759bc]  universe2_init()+0x2c
V  [libjvm.so+0x62f6bd]  init_globals()+0xbd
V  [libjvm.so+0xa5a12e]  Threads::create_vm(JavaVMInitArgs*, bool*)+0x23e
V  [libjvm.so+0x6c3274]  JNI_CreateJavaVM+0x74
C  [libjli.so+0x745e]  JavaMain+0x9e
C  [libpthread.so.0+0x8182]  start_thread+0xc2


---------------  P R O C E S S  ---------------

Java Threads: ( => current thread )

Other Threads:

=>0x00007f2e9000a000 (exited) JavaThread "Unknown thread" [_thread_in_vm, id=8817, stack(0x00007f2e9986a000,0x00007f2e9996b000)]

VM state:not at safepoint (not fully initialized)

VM Mutex/Monitor currently owned by a thread: None

GC Heap History (0 events):
No events

Deoptimization events (0 events):
No events

Internal exceptions (0 events):
No events

Events (10 events):
Event: 0.011 loading class java/lang/CharSequence done
Event: 0.011 loading class java/lang/String done
Event: 0.011 loading class java/lang/Class
Event: 0.011 loading class java/lang/reflect/AnnotatedElement
Event: 0.012 loading class java/lang/reflect/AnnotatedElement done
Event: 0.012 loading class java/lang/reflect/GenericDeclaration
Event: 0.012 loading class java/lang/reflect/GenericDeclaration done
Event: 0.012 loading class java/lang/reflect/Type
Event: 0.012 loading class java/lang/reflect/Type done
Event: 0.012 loading class java/lang/Class done


Dynamic libraries:
00400000-00401000 r-xp 00000000 08:02 543596                             /usr/lib/jvm/java-8-oracle/bin/java
00600000-00601000 rw-p 00000000 08:02 543596                             /usr/lib/jvm/java-8-oracle/bin/java
0080b000-0082c000 rw-p 00000000 00:00 0                                  [heap]
85e00000-8b100000 rw-p 00000000 00:00 0 
8b100000-d7500000 ---p 00000000 00:00 0 
d7500000-d9e00000 rw-p 00000000 00:00 0 
d9e00000-100000000 ---p 00000000 00:00 0 
100000000-100060000 rw-p 00000000 00:00 0 
100060000-140000000 ---p 00000000 00:00 0 
7f2e54000000-7f2e54021000 rw-p 00000000 00:00 0 
7f2e54021000-7f2e58000000 ---p 00000000 00:00 0 
7f2e5c000000-7f2e5c021000 rw-p 00000000 00:00 0 
7f2e5c021000-7f2e60000000 ---p 00000000 00:00 0 
7f2e60000000-7f2e60021000 rw-p 00000000 00:00 0 
7f2e60021000-7f2e64000000 ---p 00000000 00:00 0 
7f2e64000000-7f2e64021000 rw-p 00000000 00:00 0 
7f2e64021000-7f2e68000000 ---p 00000000 00:00 0 
7f2e68000000-7f2e68021000 rw-p 00000000 00:00 0 
7f2e68021000-7f2e6c000000 ---p 00000000 00:00 0 
7f2e6c000000-7f2e6c021000 rw-p 00000000 00:00 0 
7f2e6c021000-7f2e70000000 ---p 00000000 00:00 0 
7f2e74000000-7f2e74021000 rw-p 00000000 00:00 0 
7f2e74021000-7f2e78000000 ---p 00000000 00:00 0 
7f2e782f0000-7f2e7c000000 rw-p 00000000 00:00 0 
7f2e7c000000-7f2e7c021000 rw-p 00000000 00:00 0 
7f2e7c021000-7f2e80000000 ---p 00000000 00:00 0 
7f2e81000000-7f2e81270000 rwxp 00000000 00:00 0 
7f2e81270000-7f2e90000000 ---p 00000000 00:00 0 
7f2e90000000-7f2e90065000 rw-p 00000000 00:00 0 
7f2e90065000-7f2e94000000 ---p 00000000 00:00 0 
7f2e94823000-7f2e94aa7000 rw-p 00000000 00:00 0 
7f2e94aa7000-7f2e94b9d000 r--s 017b0000 08:02 268214                     /home/zafercan/Android/Sdk/platforms/android-21/android.jar
7f2e94b9d000-7f2e95013000 rw-p 00000000 00:00 0 
7f2e95013000-7f2e95413000 ---p 00000000 00:00 0 
7f2e95413000-7f2e957e4000 rw-p 00000000 00:00 0 
7f2e957e4000-7f2e957e5000 ---p 00000000 00:00 0 
7f2e957e5000-7f2e958e5000 rw-p 00000000 00:00 0                          [stack:8825]
7f2e958e5000-7f2e958e6000 ---p 00000000 00:00 0 
7f2e958e6000-7f2e959e6000 rw-p 00000000 00:00 0                          [stack:8824]
7f2e959e6000-7f2e959e7000 ---p 00000000 00:00 0 
7f2e959e7000-7f2e95ae7000 rw-p 00000000 00:00 0                          [stack:8823]
7f2e95ae7000-7f2e95ae8000 ---p 00000000 00:00 0 
7f2e95ae8000-7f2e95be8000 rw-p 00000000 00:00 0                          [stack:8822]
7f2e95be8000-7f2e95be9000 ---p 00000000 00:00 0 
7f2e95be9000-7f2e95ce9000 rw-p 00000000 00:00 0                          [stack:8821]
7f2e95ce9000-7f2e95cea000 ---p 00000000 00:00 0 
7f2e95cea000-7f2e95dea000 rw-p 00000000 00:00 0                          [stack:8820]
7f2e95dea000-7f2e95deb000 ---p 00000000 00:00 0 
7f2e95deb000-7f2e95eeb000 rw-p 00000000 00:00 0                          [stack:8819]
7f2e95eeb000-7f2e95eec000 ---p 00000000 00:00 0 
7f2e95eec000-7f2e96016000 rw-p 00000000 00:00 0                          [stack:8818]
7f2e96016000-7f2e96278000 ---p 00000000 00:00 0 
7f2e96278000-7f2e962a2000 rw-p 00000000 00:00 0 
7f2e962a2000-7f2e96503000 ---p 00000000 00:00 0 
7f2e96503000-7f2e96518000 rw-p 00000000 00:00 0 
7f2e96518000-7f2e96649000 ---p 00000000 00:00 0 
7f2e96649000-7f2e96654000 rw-p 00000000 00:00 0 
7f2e96654000-7f2e96a0a000 ---p 00000000 00:00 0 
7f2e96a0a000-7f2e96a24000 r-xp 00000000 08:02 799176                     /usr/lib/jvm/java-8-oracle/jre/lib/amd64/libzip.so
7f2e96a24000-7f2e96c24000 ---p 0001a000 08:02 799176                     /usr/lib/jvm/java-8-oracle/jre/lib/amd64/libzip.so
7f2e96c24000-7f2e96c25000 rw-p 0001a000 08:02 799176                     /usr/lib/jvm/java-8-oracle/jre/lib/amd64/libzip.so
7f2e96c25000-7f2e96c30000 r-xp 00000000 08:02 396610                     /lib/x86_64-linux-gnu/libnss_files-2.19.so
7f2e96c30000-7f2e96e2f000 ---p 0000b000 08:02 396610                     /lib/x86_64-linux-gnu/libnss_files-2.19.so
7f2e96e2f000-7f2e96e30000 r--p 0000a000 08:02 396610                     /lib/x86_64-linux-gnu/libnss_files-2.19.so
7f2e96e30000-7f2e96e31000 rw-p 0000b000 08:02 396610                     /lib/x86_64-linux-gnu/libnss_files-2.19.so
7f2e96e31000-7f2e96e3c000 r-xp 00000000 08:02 397125                     /lib/x86_64-linux-gnu/libnss_nis-2.19.so
7f2e96e3c000-7f2e9703b000 ---p 0000b000 08:02 397125                     /lib/x86_64-linux-gnu/libnss_nis-2.19.so
7f2e9703b000-7f2e9703c000 r--p 0000a000 08:02 397125                     /lib/x86_64-linux-gnu/libnss_nis-2.19.so
7f2e9703c000-7f2e9703d000 rw-p 0000b000 08:02 397125                     /lib/x86_64-linux-gnu/libnss_nis-2.19.so
7f2e9703d000-7f2e97054000 r-xp 00000000 08:02 396794                     /lib/x86_64-linux-gnu/libnsl-2.19.so
7f2e97054000-7f2e97253000 ---p 00017000 08:02 396794                     /lib/x86_64-linux-gnu/libnsl-2.19.so
7f2e97253000-7f2e97254000 r--p 00016000 08:02 396794                     /lib/x86_64-linux-gnu/libnsl-2.19.so
7f2e97254000-7f2e97255000 rw-p 00017000 08:02 396794                     /lib/x86_64-linux-gnu/libnsl-2.19.so
7f2e97255000-7f2e97257000 rw-p 00000000 00:00 0 
7f2e97257000-7f2e97260000 r-xp 00000000 08:02 396787                     /lib/x86_64-linux-gnu/libnss_compat-2.19.so
7f2e97260000-7f2e9745f000 ---p 00009000 08:02 396787                     /lib/x86_64-linux-gnu/libnss_compat-2.19.so
7f2e9745f000-7f2e97460000 r--p 00008000 08:02 396787                     /lib/x86_64-linux-gnu/libnss_compat-2.19.so
7f2e97460000-7f2e97461000 rw-p 00009000 08:02 396787                     /lib/x86_64-linux-gnu/libnss_compat-2.19.so
7f2e97461000-7f2e9748b000 r-xp 00000000 08:02 799472                     /usr/lib/jvm/java-8-oracle/jre/lib/amd64/libjava.so
7f2e9748b000-7f2e9768b000 ---p 0002a000 08:02 799472                     /usr/lib/jvm/java-8-oracle/jre/lib/amd64/libjava.so
7f2e9768b000-7f2e9768d000 rw-p 0002a000 08:02 799472                     /usr/lib/jvm/java-8-oracle/jre/lib/amd64/libjava.so
7f2e9768d000-7f2e9769a000 r-xp 00000000 08:02 799742                     /usr/lib/jvm/java-8-oracle/jre/lib/amd64/libverify.so
7f2e9769a000-7f2e9789a000 ---p 0000d000 08:02 799742                     /usr/lib/jvm/java-8-oracle/jre/lib/amd64/libverify.so
7f2e9789a000-7f2e9789c000 rw-p 0000d000 08:02 799742                     /usr/lib/jvm/java-8-oracle/jre/lib/amd64/libverify.so
7f2e9789c000-7f2e978a3000 r-xp 00000000 08:02 397059                     /lib/x86_64-linux-gnu/librt-2.19.so
7f2e978a3000-7f2e97aa2000 ---p 00007000 08:02 397059                     /lib/x86_64-linux-gnu/librt-2.19.so
7f2e97aa2000-7f2e97aa3000 r--p 00006000 08:02 397059                     /lib/x86_64-linux-gnu/librt-2.19.so
7f2e97aa3000-7f2e97aa4000 rw-p 00007000 08:02 397059                     /lib/x86_64-linux-gnu/librt-2.19.so
7f2e97aa4000-7f2e97ba9000 r-xp 00000000 08:02 396609                     /lib/x86_64-linux-gnu/libm-2.19.so
7f2e97ba9000-7f2e97da8000 ---p 00105000 08:02 396609                     /lib/x86_64-linux-gnu/libm-2.19.so
7f2e97da8000-7f2e97da9000 r--p 00104000 08:02 396609                     /lib/x86_64-linux-gnu/libm-2.19.so
7f2e97da9000-7f2e97daa000 rw-p 00105000 08:02 396609                     /lib/x86_64-linux-gnu/libm-2.19.so
7f2e97daa000-7f2e98a58000 r-xp 00000000 08:02 799619                     /usr/lib/jvm/java-8-oracle/jre/lib/amd64/server/libjvm.so
7f2e98a58000-7f2e98c57000 ---p 00cae000 08:02 799619                     /usr/lib/jvm/java-8-oracle/jre/lib/amd64/server/libjvm.so
7f2e98c57000-7f2e98d2e000 rw-p 00cad000 08:02 799619                     /usr/lib/jvm/java-8-oracle/jre/lib/amd64/server/libjvm.so
7f2e98d2e000-7f2e98d72000 rw-p 00000000 00:00 0 
7f2e98d72000-7f2e98f2d000 r-xp 00000000 08:02 396951                     /lib/x86_64-linux-gnu/libc-2.19.so
7f2e98f2d000-7f2e9912c000 ---p 001bb000 08:02 396951                     /lib/x86_64-linux-gnu/libc-2.19.so
7f2e9912c000-7f2e99130000 r--p 001ba000 08:02 396951                     /lib/x86_64-linux-gnu/libc-2.19.so
7f2e99130000-7f2e99132000 rw-p 001be000 08:02 396951                     /lib/x86_64-linux-gnu/libc-2.19.so
7f2e99132000-7f2e99137000 rw-p 00000000 00:00 0 
7f2e99137000-7f2e9913a000 r-xp 00000000 08:02 396722                     /lib/x86_64-linux-gnu/libdl-2.19.so
7f2e9913a000-7f2e99339000 ---p 00003000 08:02 396722                     /lib/x86_64-linux-gnu/libdl-2.19.so
7f2e99339000-7f2e9933a000 r--p 00002000 08:02 396722                     /lib/x86_64-linux-gnu/libdl-2.19.so
7f2e9933a000-7f2e9933b000 rw-p 00003000 08:02 396722                     /lib/x86_64-linux-gnu/libdl-2.19.so
7f2e9933b000-7f2e99350000 r-xp 00000000 08:02 673822                     /usr/lib/jvm/java-8-oracle/lib/amd64/jli/libjli.so
7f2e99350000-7f2e99550000 ---p 00015000 08:02 673822                     /usr/lib/jvm/java-8-oracle/lib/amd64/jli/libjli.so
7f2e99550000-7f2e99551000 rw-p 00015000 08:02 673822                     /usr/lib/jvm/java-8-oracle/lib/amd64/jli/libjli.so
7f2e99551000-7f2e9956a000 r-xp 00000000 08:02 397029                     /lib/x86_64-linux-gnu/libpthread-2.19.so
7f2e9956a000-7f2e99769000 ---p 00019000 08:02 397029                     /lib/x86_64-linux-gnu/libpthread-2.19.so
7f2e99769000-7f2e9976a000 r--p 00018000 08:02 397029                     /lib/x86_64-linux-gnu/libpthread-2.19.so
7f2e9976a000-7f2e9976b000 rw-p 00019000 08:02 397029                     /lib/x86_64-linux-gnu/libpthread-2.19.so
7f2e9976b000-7f2e9976f000 rw-p 00000000 00:00 0 
7f2e9976f000-7f2e99792000 r-xp 00000000 08:02 396813                     /lib/x86_64-linux-gnu/ld-2.19.so
7f2e99795000-7f2e9986a000 rw-p 00000000 00:00 0 
7f2e9986a000-7f2e9986d000 ---p 00000000 00:00 0 
7f2e9986d000-7f2e9996f000 rw-p 00000000 00:00 0                          [stack:8817]
7f2e99982000-7f2e99985000 rw-p 00000000 00:00 0 
7f2e99985000-7f2e9998d000 rw-s 00000000 08:02 810844                     /tmp/hsperfdata_zafercan/8812
7f2e9998d000-7f2e9998e000 rw-p 00000000 00:00 0 
7f2e9998e000-7f2e9998f000 r--p 00000000 00:00 0 
7f2e9998f000-7f2e99991000 rw-p 00000000 00:00 0 
7f2e99991000-7f2e99992000 r--p 00022000 08:02 396813                     /lib/x86_64-linux-gnu/ld-2.19.so
7f2e99992000-7f2e99993000 rw-p 00023000 08:02 396813                     /lib/x86_64-linux-gnu/ld-2.19.so
7f2e99993000-7f2e99994000 rw-p 00000000 00:00 0 
7fff41fed000-7fff4200e000 rw-p 00000000 00:00 0                          [stack]
7fff42118000-7fff4211a000 r-xp 00000000 00:00 0                          [vdso]
ffffffffff600000-ffffffffff601000 r-xp 00000000 00:00 0                  [vsyscall]

VM Arguments:
jvm_args: -Dfile.encoding=UTF-8 -Xbootclasspath:/home/zafercan/Android/Sdk/platforms/android-21/android.jar:/home/zafercan/Android/Sdk/add-ons/addon-google_apis-google-21/libs/usb.jar:/home/zafercan/Android/Sdk/add-ons/addon-google_apis-google-21/libs/effects.jar:/home/zafercan/Android/Sdk/add-ons/addon-google_apis-google-21/libs/maps.jar 
java_command: com.neet.blockbunny.main.BunnyDesktop
java_class_path (initial): /home/zafercan/Documents/Workspace/Eclipse_Workspace/Gy-NavigationDrawer/libs/android-support-v4.jar:/home/zafercan/Documents/Workspace/Eclipse_Workspace/Gy-NavigationDrawer/bin/classes
Launcher Type: SUN_STANDARD

Environment Variables:
PATH=/usr/local/sbin:/usr/local/bin:/usr/sbin:/usr/bin:/sbin:/bin:/usr/games:/usr/local/games:/home/zafercan/.rvm/bin
USERNAME=zafercan
SHELL=/bin/bash
DISPLAY=:0

Signal Handlers:
SIGSEGV: [libjvm.so+0xaad2e0], sa_mask[0]=11111111011111111101111111111110, sa_flags=SA_RESTART|SA_SIGINFO
SIGBUS: [libjvm.so+0xaad2e0], sa_mask[0]=11111111011111111101111111111110, sa_flags=SA_RESTART|SA_SIGINFO
SIGFPE: [libjvm.so+0x90b550], sa_mask[0]=11111111011111111101111111111110, sa_flags=SA_RESTART|SA_SIGINFO
SIGPIPE: [libjvm.so+0x90b550], sa_mask[0]=11111111011111111101111111111110, sa_flags=SA_RESTART|SA_SIGINFO
SIGXFSZ: [libjvm.so+0x90b550], sa_mask[0]=11111111011111111101111111111110, sa_flags=SA_RESTART|SA_SIGINFO
SIGILL: [libjvm.so+0x90b550], sa_mask[0]=11111111011111111101111111111110, sa_flags=SA_RESTART|SA_SIGINFO
SIGUSR1: SIG_DFL, sa_mask[0]=00000000000000000000000000000000, sa_flags=none
SIGUSR2: [libjvm.so+0x90cb90], sa_mask[0]=00100000000000000000000000000000, sa_flags=SA_RESTART|SA_SIGINFO
SIGHUP: SIG_DFL, sa_mask[0]=00000000000000000000000000000000, sa_flags=none
SIGINT: SIG_DFL, sa_mask[0]=00000000000000000000000000000000, sa_flags=none
SIGTERM: SIG_DFL, sa_mask[0]=00000000000000000000000000000000, sa_flags=none
SIGQUIT: SIG_DFL, sa_mask[0]=00000000000000000000000000000000, sa_flags=none


---------------  S Y S T E M  ---------------

OS:DISTRIB_ID=LinuxMint
DISTRIB_RELEASE=17.1
DISTRIB_CODENAME=rebecca
DISTRIB_DESCRIPTION="Linux Mint 17.1 Rebecca"

uname:Linux 3.13.0-37-generic #64-Ubuntu SMP Mon Sep 22 21:28:38 UTC 2014 x86_64
libc:glibc 2.19 NPTL 2.19 
rlimit: STACK 8192k, CORE 0k, NPROC 62245, NOFILE 4096, AS infinity
load average:0.36 0.29 0.25

/proc/meminfo:
MemTotal:        7998548 kB
MemFree:         2757084 kB
Buffers:          213920 kB
Cached:          2030672 kB
SwapCached:            0 kB
Active:          3474344 kB
Inactive:        1457940 kB
Active(anon):    2692004 kB
Inactive(anon):   522980 kB
Active(file):     782340 kB
Inactive(file):   934960 kB
Unevictable:           0 kB
Mlocked:               0 kB
SwapTotal:             0 kB
SwapFree:              0 kB
Dirty:               360 kB
Writeback:             0 kB
AnonPages:       2687468 kB
Mapped:           382076 kB
Shmem:            527296 kB
Slab:             185908 kB
SReclaimable:     143068 kB
SUnreclaim:        42840 kB
KernelStack:        5096 kB
PageTables:        32464 kB
NFS_Unstable:          0 kB
Bounce:                0 kB
WritebackTmp:          0 kB
CommitLimit:     3999272 kB
Committed_AS:    5974776 kB
VmallocTotal:   34359738367 kB
VmallocUsed:      358756 kB
VmallocChunk:   34359369816 kB
HardwareCorrupted:     0 kB
AnonHugePages:   1355776 kB
HugePages_Total:       0
HugePages_Free:        0
HugePages_Rsvd:        0
HugePages_Surp:        0
Hugepagesize:       2048 kB
DirectMap4k:       96624 kB
DirectMap2M:     4966400 kB
DirectMap1G:     3145728 kB


CPU:total 8 (4 cores per cpu, 2 threads per core) family 6 model 60 stepping 3, cmov, cx8, fxsr, mmx, sse, sse2, sse3, ssse3, sse4.1, sse4.2, popcnt, avx, avx2, aes, clmul, erms, lzcnt, ht, tsc, tscinvbit, bmi1, bmi2

/proc/cpuinfo:
processor	: 0
vendor_id	: GenuineIntel
cpu family	: 6
model		: 60
model name	: Intel(R) Core(TM) i7-4710MQ CPU @ 2.50GHz
stepping	: 3
microcode	: 0x17
cpu MHz		: 2501.000
cache size	: 6144 KB
physical id	: 0
siblings	: 8
core id		: 0
cpu cores	: 4
apicid		: 0
initial apicid	: 0
fpu		: yes
fpu_exception	: yes
cpuid level	: 13
wp		: yes
flags		: fpu vme de pse tsc msr pae mce cx8 apic sep mtrr pge mca cmov pat pse36 clflush dts acpi mmx fxsr sse sse2 ss ht tm pbe syscall nx pdpe1gb rdtscp lm constant_tsc arch_perfmon pebs bts rep_good nopl xtopology nonstop_tsc aperfmperf eagerfpu pni pclmulqdq dtes64 monitor ds_cpl vmx est tm2 ssse3 fma cx16 xtpr pdcm pcid sse4_1 sse4_2 movbe popcnt tsc_deadline_timer aes xsave avx f16c rdrand lahf_lm abm ida arat epb xsaveopt pln pts dtherm tpr_shadow vnmi flexpriority ept vpid fsgsbase tsc_adjust bmi1 avx2 smep bmi2 erms invpcid
bogomips	: 4988.63
clflush size	: 64
cache_alignment	: 64
address sizes	: 39 bits physical, 48 bits virtual
power management:

processor	: 1
vendor_id	: GenuineIntel
cpu family	: 6
model		: 60
model name	: Intel(R) Core(TM) i7-4710MQ CPU @ 2.50GHz
stepping	: 3
microcode	: 0x17
cpu MHz		: 1600.000
cache size	: 6144 KB
physical id	: 0
siblings	: 8
core id		: 1
cpu cores	: 4
apicid		: 2
initial apicid	: 2
fpu		: yes
fpu_exception	: yes
cpuid level	: 13
wp		: yes
flags		: fpu vme de pse tsc msr pae mce cx8 apic sep mtrr pge mca cmov pat pse36 clflush dts acpi mmx fxsr sse sse2 ss ht tm pbe syscall nx pdpe1gb rdtscp lm constant_tsc arch_perfmon pebs bts rep_good nopl xtopology nonstop_tsc aperfmperf eagerfpu pni pclmulqdq dtes64 monitor ds_cpl vmx est tm2 ssse3 fma cx16 xtpr pdcm pcid sse4_1 sse4_2 movbe popcnt tsc_deadline_timer aes xsave avx f16c rdrand lahf_lm abm ida arat epb xsaveopt pln pts dtherm tpr_shadow vnmi flexpriority ept vpid fsgsbase tsc_adjust bmi1 avx2 smep bmi2 erms invpcid
bogomips	: 4988.63
clflush size	: 64
cache_alignment	: 64
address sizes	: 39 bits physical, 48 bits virtual
power management:

processor	: 2
vendor_id	: GenuineIntel
cpu family	: 6
model		: 60
model name	: Intel(R) Core(TM) i7-4710MQ CPU @ 2.50GHz
stepping	: 3
microcode	: 0x17
cpu MHz		: 2501.000
cache size	: 6144 KB
physical id	: 0
siblings	: 8
core id		: 2
cpu cores	: 4
apicid		: 4
initial apicid	: 4
fpu		: yes
fpu_exception	: yes
cpuid level	: 13
wp		: yes
flags		: fpu vme de pse tsc msr pae mce cx8 apic sep mtrr pge mca cmov pat pse36 clflush dts acpi mmx fxsr sse sse2 ss ht tm pbe syscall nx pdpe1gb rdtscp lm constant_tsc arch_perfmon pebs bts rep_good nopl xtopology nonstop_tsc aperfmperf eagerfpu pni pclmulqdq dtes64 monitor ds_cpl vmx est tm2 ssse3 fma cx16 xtpr pdcm pcid sse4_1 sse4_2 movbe popcnt tsc_deadline_timer aes xsave avx f16c rdrand lahf_lm abm ida arat epb xsaveopt pln pts dtherm tpr_shadow vnmi flexpriority ept vpid fsgsbase tsc_adjust bmi1 avx2 smep bmi2 erms invpcid
bogomips	: 4988.63
clflush size	: 64
cache_alignment	: 64
address sizes	: 39 bits physical, 48 bits virtual
power management:

processor	: 3
vendor_id	: GenuineIntel
cpu family	: 6
model		: 60
model name	: Intel(R) Core(TM) i7-4710MQ CPU @ 2.50GHz
stepping	: 3
microcode	: 0x17
cpu MHz		: 800.000
cache size	: 6144 KB
physical id	: 0
siblings	: 8
core id		: 3
cpu cores	: 4
apicid		: 6
initial apicid	: 6
fpu		: yes
fpu_exception	: yes
cpuid level	: 13
wp		: yes
flags		: fpu vme de pse tsc msr pae mce cx8 apic sep mtrr pge mca cmov pat pse36 clflush dts acpi mmx fxsr sse sse2 ss ht tm pbe syscall nx pdpe1gb rdtscp lm constant_tsc arch_perfmon pebs bts rep_good nopl xtopology nonstop_tsc aperfmperf eagerfpu pni pclmulqdq dtes64 monitor ds_cpl vmx est tm2 ssse3 fma cx16 xtpr pdcm pcid sse4_1 sse4_2 movbe popcnt tsc_deadline_timer aes xsave avx f16c rdrand lahf_lm abm ida arat epb xsaveopt pln pts dtherm tpr_shadow vnmi flexpriority ept vpid fsgsbase tsc_adjust bmi1 avx2 smep bmi2 erms invpcid
bogomips	: 4988.63
clflush size	: 64
cache_alignment	: 64
address sizes	: 39 bits physical, 48 bits virtual
power management:

processor	: 4
vendor_id	: GenuineIntel
cpu family	: 6
model		: 60
model name	: Intel(R) Core(TM) i7-4710MQ CPU @ 2.50GHz
stepping	: 3
microcode	: 0x17
cpu MHz		: 2501.000
cache size	: 6144 KB
physical id	: 0
siblings	: 8
core id		: 0
cpu cores	: 4
apicid		: 1
initial apicid	: 1
fpu		: yes
fpu_exception	: yes
cpuid level	: 13
wp		: yes
flags		: fpu vme de pse tsc msr pae mce cx8 apic sep mtrr pge mca cmov pat pse36 clflush dts acpi mmx fxsr sse sse2 ss ht tm pbe syscall nx pdpe1gb rdtscp lm constant_tsc arch_perfmon pebs bts rep_good nopl xtopology nonstop_tsc aperfmperf eagerfpu pni pclmulqdq dtes64 monitor ds_cpl vmx est tm2 ssse3 fma cx16 xtpr pdcm pcid sse4_1 sse4_2 movbe popcnt tsc_deadline_timer aes xsave avx f16c rdrand lahf_lm abm ida arat epb xsaveopt pln pts dtherm tpr_shadow vnmi flexpriority ept vpid fsgsbase tsc_adjust bmi1 avx2 smep bmi2 erms invpcid
bogomips	: 4988.63
clflush size	: 64
cache_alignment	: 64
address sizes	: 39 bits physical, 48 bits virtual
power management:

processor	: 5
vendor_id	: GenuineIntel
cpu family	: 6
model		: 60
model name	: Intel(R) Core(TM) i7-4710MQ CPU @ 2.50GHz
stepping	: 3
microcode	: 0x17
cpu MHz		: 800.000
cache size	: 6144 KB
physical id	: 0
siblings	: 8
core id		: 1
cpu cores	: 4
apicid		: 3
initial apicid	: 3
fpu		: yes
fpu_exception	: yes
cpuid level	: 13
wp		: yes
flags		: fpu vme de pse tsc msr pae mce cx8 apic sep mtrr pge mca cmov pat pse36 clflush dts acpi mmx fxsr sse sse2 ss ht tm pbe syscall nx pdpe1gb rdtscp lm constant_tsc arch_perfmon pebs bts rep_good nopl xtopology nonstop_tsc aperfmperf eagerfpu pni pclmulqdq dtes64 monitor ds_cpl vmx est tm2 ssse3 fma cx16 xtpr pdcm pcid sse4_1 sse4_2 movbe popcnt tsc_deadline_timer aes xsave avx f16c rdrand lahf_lm abm ida arat epb xsaveopt pln pts dtherm tpr_shadow vnmi flexpriority ept vpid fsgsbase tsc_adjust bmi1 avx2 smep bmi2 erms invpcid
bogomips	: 4988.63
clflush size	: 64
cache_alignment	: 64
address sizes	: 39 bits physical, 48 bits virtual
power management:

processor	: 6
vendor_id	: GenuineIntel
cpu family	: 6
model		: 60
model name	: Intel(R) Core(TM) i7-4710MQ CPU @ 2.50GHz
stepping	: 3
microcode	: 0x17
cpu MHz		: 1200.000
cache size	: 6144 KB
physical id	: 0
siblings	: 8
core id		: 2
cpu cores	: 4
apicid		: 5
initial apicid	: 5
fpu		: yes
fpu_exception	: yes
cpuid level	: 13
wp		: yes
flags		: fpu vme de pse tsc msr pae mce cx8 apic sep mtrr pge mca cmov pat pse36 clflush dts acpi mmx fxsr sse sse2 ss ht tm pbe syscall nx pdpe1gb rdtscp lm constant_tsc arch_perfmon pebs bts rep_good nopl xtopology nonstop_tsc aperfmperf eagerfpu pni pclmulqdq dtes64 monitor ds_cpl vmx est tm2 ssse3 fma cx16 xtpr pdcm pcid sse4_1 sse4_2 movbe popcnt tsc_deadline_timer aes xsave avx f16c rdrand lahf_lm abm ida arat epb xsaveopt pln pts dtherm tpr_shadow vnmi flexpriority ept vpid fsgsbase tsc_adjust bmi1 avx2 smep bmi2 erms invpcid
bogomips	: 4988.63
clflush size	: 64
cache_alignment	: 64
address sizes	: 39 bits physical, 48 bits virtual
power management:

processor	: 7
vendor_id	: GenuineIntel
cpu family	: 6
model		: 60
model name	: Intel(R) Core(TM) i7-4710MQ CPU @ 2.50GHz
stepping	: 3
microcode	: 0x17
cpu MHz		: 800.000
cache size	: 6144 KB
physical id	: 0
siblings	: 8
core id		: 3
cpu cores	: 4
apicid		: 7
initial apicid	: 7
fpu		: yes
fpu_exception	: yes
cpuid level	: 13
wp		: yes
flags		: fpu vme de pse tsc msr pae mce cx8 apic sep mtrr pge mca cmov pat pse36 clflush dts acpi mmx fxsr sse sse2 ss ht tm pbe syscall nx pdpe1gb rdtscp lm constant_tsc arch_perfmon pebs bts rep_good nopl xtopology nonstop_tsc aperfmperf eagerfpu pni pclmulqdq dtes64 monitor ds_cpl vmx est tm2 ssse3 fma cx16 xtpr pdcm pcid sse4_1 sse4_2 movbe popcnt tsc_deadline_timer aes xsave avx f16c rdrand lahf_lm abm ida arat epb xsaveopt pln pts dtherm tpr_shadow vnmi flexpriority ept vpid fsgsbase tsc_adjust bmi1 avx2 smep bmi2 erms invpcid
bogomips	: 4988.63
clflush size	: 64
cache_alignment	: 64
address sizes	: 39 bits physical, 48 bits virtual
power management:



Memory: 4k page, physical 7998548k(2757084k free), swap 0k(0k free)

vm_info: Java HotSpot(TM) 64-Bit Server VM (25.40-b25) for linux-amd64 JRE (1.8.0_40-b25), built on Feb 10 2015 21:29:53 by "java_re" with gcc 4.3.0 20080428 (Red Hat 4.3.0-8)

time: Fri May 15 15:45:20 2015
elapsed time: 0 seconds (0d 0h 0m 0s)

