#
# A fatal error has been detected by the Java Runtime Environment:
#
#  Internal Error (javaClasses.cpp:127), pid=8939, tid=140486025639680
#  fatal error: Invalid layout of preloaded class
#
# JRE version:  (8.0_40-b25) (build )
# Java VM: Java HotSpot(TM) 64-Bit Server VM (25.40-b25 mixed mode linux-amd64 compressed oops)
# Failed to write core dump. Core dumps have been disabled. To enable core dumping, try "ulimit -c unlimited" before starting Java again
#
# If you would like to submit a bug report, please visit:
#   http://bugreport.java.com/bugreport/crash.jsp
#

---------------  T H R E A D  ---------------

Current thread (0x00007fc56c00a000):  JavaThread "Unknown thread" [_thread_in_vm, id=8945, stack(0x00007fc573977000,0x00007fc573a78000)]

Stack: [0x00007fc573977000,0x00007fc573a78000],  sp=0x00007fc573a76810,  free space=1022k
Native frames: (J=compiled Java code, j=interpreted, Vv=VM code, C=native code)
V  [libjvm.so+0xaaca9a]  VMError::report_and_die()+0x2ba
V  [libjvm.so+0x4f2de9]  report_fatal(char const*, int, char const*)+0x59
V  [libjvm.so+0x68af5b]  compute_offset(int&, Klass*, Symbol*, Symbol*, bool)+0x20b
V  [libjvm.so+0x68bcf9]  java_lang_String::compute_offsets()+0x39
V  [libjvm.so+0xa24ed6]  SystemDictionary::initialize_preloaded_classes(Thread*)+0x86
V  [libjvm.so+0xa7570c]  Universe::genesis(Thread*)+0x3cc
V  [libjvm.so+0xa759bc]  universe2_init()+0x2c
V  [libjvm.so+0x62f6bd]  init_globals()+0xbd
V  [libjvm.so+0xa5a12e]  Threads::create_vm(JavaVMInitArgs*, bool*)+0x23e
V  [libjvm.so+0x6c3274]  JNI_CreateJavaVM+0x74
C  [libjli.so+0x745e]  JavaMain+0x9e
C  [libpthread.so.0+0x8182]  start_thread+0xc2


---------------  P R O C E S S  ---------------

Java Threads: ( => current thread )

Other Threads:

=>0x00007fc56c00a000 (exited) JavaThread "Unknown thread" [_thread_in_vm, id=8945, stack(0x00007fc573977000,0x00007fc573a78000)]

VM state:not at safepoint (not fully initialized)

VM Mutex/Monitor currently owned by a thread: None

GC Heap History (0 events):
No events

Deoptimization events (0 events):
No events

Internal exceptions (0 events):
No events

Events (10 events):
Event: 0.058 loading class java/lang/CharSequence done
Event: 0.058 loading class java/lang/String done
Event: 0.058 loading class java/lang/Class
Event: 0.058 loading class java/lang/reflect/AnnotatedElement
Event: 0.058 loading class java/lang/reflect/AnnotatedElement done
Event: 0.058 loading class java/lang/reflect/GenericDeclaration
Event: 0.058 loading class java/lang/reflect/GenericDeclaration done
Event: 0.058 loading class java/lang/reflect/Type
Event: 0.058 loading class java/lang/reflect/Type done
Event: 0.058 loading class java/lang/Class done


Dynamic libraries:
00400000-00401000 r-xp 00000000 08:02 543596                             /usr/lib/jvm/java-8-oracle/bin/java
00600000-00601000 rw-p 00000000 08:02 543596                             /usr/lib/jvm/java-8-oracle/bin/java
006af000-006d0000 rw-p 00000000 00:00 0                                  [heap]
85e00000-8b100000 rw-p 00000000 00:00 0 
8b100000-d7500000 ---p 00000000 00:00 0 
d7500000-d9e00000 rw-p 00000000 00:00 0 
d9e00000-100000000 ---p 00000000 00:00 0 
100000000-100060000 rw-p 00000000 00:00 0 
100060000-140000000 ---p 00000000 00:00 0 
7fc537af0000-7fc537ef0000 rw-p 00000000 00:00 0 
7fc537ef0000-7fc5382f0000 ---p 00000000 00:00 0 
7fc5382f0000-7fc53c000000 rw-p 00000000 00:00 0 
7fc53c000000-7fc53c021000 rw-p 00000000 00:00 0 
7fc53c021000-7fc540000000 ---p 00000000 00:00 0 
7fc540000000-7fc540021000 rw-p 00000000 00:00 0 
7fc540021000-7fc544000000 ---p 00000000 00:00 0 
7fc544000000-7fc544021000 rw-p 00000000 00:00 0 
7fc544021000-7fc548000000 ---p 00000000 00:00 0 
7fc548000000-7fc548021000 rw-p 00000000 00:00 0 
7fc548021000-7fc54c000000 ---p 00000000 00:00 0 
7fc54c000000-7fc54c021000 rw-p 00000000 00:00 0 
7fc54c021000-7fc550000000 ---p 00000000 00:00 0 
7fc550000000-7fc550021000 rw-p 00000000 00:00 0 
7fc550021000-7fc554000000 ---p 00000000 00:00 0 
7fc554000000-7fc554021000 rw-p 00000000 00:00 0 
7fc554021000-7fc558000000 ---p 00000000 00:00 0 
7fc558000000-7fc558021000 rw-p 00000000 00:00 0 
7fc558021000-7fc55c000000 ---p 00000000 00:00 0 
7fc55c0ad000-7fc55c331000 rw-p 00000000 00:00 0 
7fc55c331000-7fc55c427000 r--s 017b0000 08:02 268214                     /home/zafercan/Android/Sdk/platforms/android-21/android.jar
7fc55c427000-7fc55c7f8000 rw-p 00000000 00:00 0 
7fc55c7f8000-7fc55c7f9000 ---p 00000000 00:00 0 
7fc55c7f9000-7fc55c8f9000 rw-p 00000000 00:00 0                          [stack:8953]
7fc55c8f9000-7fc55c8fa000 ---p 00000000 00:00 0 
7fc55c8fa000-7fc55c9fa000 rw-p 00000000 00:00 0                          [stack:8952]
7fc55c9fa000-7fc55c9fb000 ---p 00000000 00:00 0 
7fc55c9fb000-7fc55cafb000 rw-p 00000000 00:00 0                          [stack:8951]
7fc55cafb000-7fc55cafc000 ---p 00000000 00:00 0 
7fc55cafc000-7fc55cbfc000 rw-p 00000000 00:00 0                          [stack:8950]
7fc55cbfc000-7fc55cbfd000 ---p 00000000 00:00 0 
7fc55cbfd000-7fc55ccfd000 rw-p 00000000 00:00 0                          [stack:8949]
7fc55ccfd000-7fc55ccfe000 ---p 00000000 00:00 0 
7fc55ccfe000-7fc55cdfe000 rw-p 00000000 00:00 0                          [stack:8948]
7fc55cdfe000-7fc55cdff000 ---p 00000000 00:00 0 
7fc55cdff000-7fc55ceff000 rw-p 00000000 00:00 0                          [stack:8947]
7fc55ceff000-7fc55cf00000 ---p 00000000 00:00 0 
7fc55cf00000-7fc55d000000 rw-p 00000000 00:00 0                          [stack:8946]
7fc55d000000-7fc55d270000 rwxp 00000000 00:00 0 
7fc55d270000-7fc56c000000 ---p 00000000 00:00 0 
7fc56c000000-7fc56c065000 rw-p 00000000 00:00 0 
7fc56c065000-7fc570000000 ---p 00000000 00:00 0 
7fc570083000-7fc570123000 rw-p 00000000 00:00 0 
7fc570123000-7fc570385000 ---p 00000000 00:00 0 
7fc570385000-7fc5703af000 rw-p 00000000 00:00 0 
7fc5703af000-7fc570610000 ---p 00000000 00:00 0 
7fc570610000-7fc570625000 rw-p 00000000 00:00 0 
7fc570625000-7fc570756000 ---p 00000000 00:00 0 
7fc570756000-7fc570761000 rw-p 00000000 00:00 0 
7fc570761000-7fc570b17000 ---p 00000000 00:00 0 
7fc570b17000-7fc570b31000 r-xp 00000000 08:02 799176                     /usr/lib/jvm/java-8-oracle/jre/lib/amd64/libzip.so
7fc570b31000-7fc570d31000 ---p 0001a000 08:02 799176                     /usr/lib/jvm/java-8-oracle/jre/lib/amd64/libzip.so
7fc570d31000-7fc570d32000 rw-p 0001a000 08:02 799176                     /usr/lib/jvm/java-8-oracle/jre/lib/amd64/libzip.so
7fc570d32000-7fc570d3d000 r-xp 00000000 08:02 396610                     /lib/x86_64-linux-gnu/libnss_files-2.19.so
7fc570d3d000-7fc570f3c000 ---p 0000b000 08:02 396610                     /lib/x86_64-linux-gnu/libnss_files-2.19.so
7fc570f3c000-7fc570f3d000 r--p 0000a000 08:02 396610                     /lib/x86_64-linux-gnu/libnss_files-2.19.so
7fc570f3d000-7fc570f3e000 rw-p 0000b000 08:02 396610                     /lib/x86_64-linux-gnu/libnss_files-2.19.so
7fc570f3e000-7fc570f49000 r-xp 00000000 08:02 397125                     /lib/x86_64-linux-gnu/libnss_nis-2.19.so
7fc570f49000-7fc571148000 ---p 0000b000 08:02 397125                     /lib/x86_64-linux-gnu/libnss_nis-2.19.so
7fc571148000-7fc571149000 r--p 0000a000 08:02 397125                     /lib/x86_64-linux-gnu/libnss_nis-2.19.so
7fc571149000-7fc57114a000 rw-p 0000b000 08:02 397125                     /lib/x86_64-linux-gnu/libnss_nis-2.19.so
7fc57114a000-7fc571161000 r-xp 00000000 08:02 396794                     /lib/x86_64-linux-gnu/libnsl-2.19.so
7fc571161000-7fc571360000 ---p 00017000 08:02 396794                     /lib/x86_64-linux-gnu/libnsl-2.19.so
7fc571360000-7fc571361000 r--p 00016000 08:02 396794                     /lib/x86_64-linux-gnu/libnsl-2.19.so
7fc571361000-7fc571362000 rw-p 00017000 08:02 396794                     /lib/x86_64-linux-gnu/libnsl-2.19.so
7fc571362000-7fc571364000 rw-p 00000000 00:00 0 
7fc571364000-7fc57136d000 r-xp 00000000 08:02 396787                     /lib/x86_64-linux-gnu/libnss_compat-2.19.so
7fc57136d000-7fc57156c000 ---p 00009000 08:02 396787                     /lib/x86_64-linux-gnu/libnss_compat-2.19.so
7fc57156c000-7fc57156d000 r--p 00008000 08:02 396787                     /lib/x86_64-linux-gnu/libnss_compat-2.19.so
7fc57156d000-7fc57156e000 rw-p 00009000 08:02 396787                     /lib/x86_64-linux-gnu/libnss_compat-2.19.so
7fc57156e000-7fc571598000 r-xp 00000000 08:02 799472                     /usr/lib/jvm/java-8-oracle/jre/lib/amd64/libjava.so
7fc571598000-7fc571798000 ---p 0002a000 08:02 799472                     /usr/lib/jvm/java-8-oracle/jre/lib/amd64/libjava.so
7fc571798000-7fc57179a000 rw-p 0002a000 08:02 799472                     /usr/lib/jvm/java-8-oracle/jre/lib/amd64/libjava.so
7fc57179a000-7fc5717a7000 r-xp 00000000 08:02 799742                     /usr/lib/jvm/java-8-oracle/jre/lib/amd64/libverify.so
7fc5717a7000-7fc5719a7000 ---p 0000d000 08:02 799742                     /usr/lib/jvm/java-8-oracle/jre/lib/amd64/libverify.so
7fc5719a7000-7fc5719a9000 rw-p 0000d000 08:02 799742                     /usr/lib/jvm/java-8-oracle/jre/lib/amd64/libverify.so
7fc5719a9000-7fc5719b0000 r-xp 00000000 08:02 397059                     /lib/x86_64-linux-gnu/librt-2.19.so
7fc5719b0000-7fc571baf000 ---p 00007000 08:02 397059                     /lib/x86_64-linux-gnu/librt-2.19.so
7fc571baf000-7fc571bb0000 r--p 00006000 08:02 397059                     /lib/x86_64-linux-gnu/librt-2.19.so
7fc571bb0000-7fc571bb1000 rw-p 00007000 08:02 397059                     /lib/x86_64-linux-gnu/librt-2.19.so
7fc571bb1000-7fc571cb6000 r-xp 00000000 08:02 396609                     /lib/x86_64-linux-gnu/libm-2.19.so
7fc571cb6000-7fc571eb5000 ---p 00105000 08:02 396609                     /lib/x86_64-linux-gnu/libm-2.19.so
7fc571eb5000-7fc571eb6000 r--p 00104000 08:02 396609                     /lib/x86_64-linux-gnu/libm-2.19.so
7fc571eb6000-7fc571eb7000 rw-p 00105000 08:02 396609                     /lib/x86_64-linux-gnu/libm-2.19.so
7fc571eb7000-7fc572b65000 r-xp 00000000 08:02 799619                     /usr/lib/jvm/java-8-oracle/jre/lib/amd64/server/libjvm.so
7fc572b65000-7fc572d64000 ---p 00cae000 08:02 799619                     /usr/lib/jvm/java-8-oracle/jre/lib/amd64/server/libjvm.so
7fc572d64000-7fc572e3b000 rw-p 00cad000 08:02 799619                     /usr/lib/jvm/java-8-oracle/jre/lib/amd64/server/libjvm.so
7fc572e3b000-7fc572e7f000 rw-p 00000000 00:00 0 
7fc572e7f000-7fc57303a000 r-xp 00000000 08:02 396951                     /lib/x86_64-linux-gnu/libc-2.19.so
7fc57303a000-7fc573239000 ---p 001bb000 08:02 396951                     /lib/x86_64-linux-gnu/libc-2.19.so
7fc573239000-7fc57323d000 r--p 001ba000 08:02 396951                     /lib/x86_64-linux-gnu/libc-2.19.so
7fc57323d000-7fc57323f000 rw-p 001be000 08:02 396951                     /lib/x86_64-linux-gnu/libc-2.19.so
7fc57323f000-7fc573244000 rw-p 00000000 00:00 0 
7fc573244000-7fc573247000 r-xp 00000000 08:02 396722                     /lib/x86_64-linux-gnu/libdl-2.19.so
7fc573247000-7fc573446000 ---p 00003000 08:02 396722                     /lib/x86_64-linux-gnu/libdl-2.19.so
7fc573446000-7fc573447000 r--p 00002000 08:02 396722                     /lib/x86_64-linux-gnu/libdl-2.19.so
7fc573447000-7fc573448000 rw-p 00003000 08:02 396722                     /lib/x86_64-linux-gnu/libdl-2.19.so
7fc573448000-7fc57345d000 r-xp 00000000 08:02 673822                     /usr/lib/jvm/java-8-oracle/lib/amd64/jli/libjli.so
7fc57345d000-7fc57365d000 ---p 00015000 08:02 673822                     /usr/lib/jvm/java-8-oracle/lib/amd64/jli/libjli.so
7fc57365d000-7fc57365e000 rw-p 00015000 08:02 673822                     /usr/lib/jvm/java-8-oracle/lib/amd64/jli/libjli.so
7fc57365e000-7fc573677000 r-xp 00000000 08:02 397029                     /lib/x86_64-linux-gnu/libpthread-2.19.so
7fc573677000-7fc573876000 ---p 00019000 08:02 397029                     /lib/x86_64-linux-gnu/libpthread-2.19.so
7fc573876000-7fc573877000 r--p 00018000 08:02 397029                     /lib/x86_64-linux-gnu/libpthread-2.19.so
7fc573877000-7fc573878000 rw-p 00019000 08:02 397029                     /lib/x86_64-linux-gnu/libpthread-2.19.so
7fc573878000-7fc57387c000 rw-p 00000000 00:00 0 
7fc57387c000-7fc57389f000 r-xp 00000000 08:02 396813                     /lib/x86_64-linux-gnu/ld-2.19.so
7fc5738a2000-7fc573977000 rw-p 00000000 00:00 0 
7fc573977000-7fc57397a000 ---p 00000000 00:00 0 
7fc57397a000-7fc573a7c000 rw-p 00000000 00:00 0                          [stack:8945]
7fc573a8f000-7fc573a92000 rw-p 00000000 00:00 0 
7fc573a92000-7fc573a9a000 rw-s 00000000 08:02 810863                     /tmp/hsperfdata_zafercan/8939
7fc573a9a000-7fc573a9b000 rw-p 00000000 00:00 0 
7fc573a9b000-7fc573a9c000 r--p 00000000 00:00 0 
7fc573a9c000-7fc573a9e000 rw-p 00000000 00:00 0 
7fc573a9e000-7fc573a9f000 r--p 00022000 08:02 396813                     /lib/x86_64-linux-gnu/ld-2.19.so
7fc573a9f000-7fc573aa0000 rw-p 00023000 08:02 396813                     /lib/x86_64-linux-gnu/ld-2.19.so
7fc573aa0000-7fc573aa1000 rw-p 00000000 00:00 0 
7fffbb4b6000-7fffbb4d7000 rw-p 00000000 00:00 0                          [stack]
7fffbb5fe000-7fffbb600000 r-xp 00000000 00:00 0                          [vdso]
ffffffffff600000-ffffffffff601000 r-xp 00000000 00:00 0                  [vsyscall]

VM Arguments:
jvm_args: -Dfile.encoding=UTF-8 -Xbootclasspath:/home/zafercan/Android/Sdk/platforms/android-21/android.jar:/home/zafercan/Android/Sdk/add-ons/addon-google_apis-google-21/libs/usb.jar:/home/zafercan/Android/Sdk/add-ons/addon-google_apis-google-21/libs/effects.jar:/home/zafercan/Android/Sdk/add-ons/addon-google_apis-google-21/libs/maps.jar 
java_command: com.neet.blockbunny.main.BunnyDesktop
java_class_path (initial): /home/zafercan/Documents/Workspace/Eclipse_Workspace/Gy-NavigationDrawer/libs/android-support-v4.jar:/home/zafercan/Documents/Workspace/Eclipse_Workspace/Gy-NavigationDrawer/bin/classes
Launcher Type: SUN_STANDARD

Environment Variables:
PATH=/usr/local/sbin:/usr/local/bin:/usr/sbin:/usr/bin:/sbin:/bin:/usr/games:/usr/local/games:/home/zafercan/.rvm/bin
USERNAME=zafercan
SHELL=/bin/bash
DISPLAY=:0

Signal Handlers:
SIGSEGV: [libjvm.so+0xaad2e0], sa_mask[0]=11111111011111111101111111111110, sa_flags=SA_RESTART|SA_SIGINFO
SIGBUS: [libjvm.so+0xaad2e0], sa_mask[0]=11111111011111111101111111111110, sa_flags=SA_RESTART|SA_SIGINFO
SIGFPE: [libjvm.so+0x90b550], sa_mask[0]=11111111011111111101111111111110, sa_flags=SA_RESTART|SA_SIGINFO
SIGPIPE: [libjvm.so+0x90b550], sa_mask[0]=11111111011111111101111111111110, sa_flags=SA_RESTART|SA_SIGINFO
SIGXFSZ: [libjvm.so+0x90b550], sa_mask[0]=11111111011111111101111111111110, sa_flags=SA_RESTART|SA_SIGINFO
SIGILL: [libjvm.so+0x90b550], sa_mask[0]=11111111011111111101111111111110, sa_flags=SA_RESTART|SA_SIGINFO
SIGUSR1: SIG_DFL, sa_mask[0]=00000000000000000000000000000000, sa_flags=none
SIGUSR2: [libjvm.so+0x90cb90], sa_mask[0]=00100000000000000000000000000000, sa_flags=SA_RESTART|SA_SIGINFO
SIGHUP: SIG_DFL, sa_mask[0]=00000000000000000000000000000000, sa_flags=none
SIGINT: SIG_DFL, sa_mask[0]=00000000000000000000000000000000, sa_flags=none
SIGTERM: SIG_DFL, sa_mask[0]=00000000000000000000000000000000, sa_flags=none
SIGQUIT: SIG_DFL, sa_mask[0]=00000000000000000000000000000000, sa_flags=none


---------------  S Y S T E M  ---------------

OS:DISTRIB_ID=LinuxMint
DISTRIB_RELEASE=17.1
DISTRIB_CODENAME=rebecca
DISTRIB_DESCRIPTION="Linux Mint 17.1 Rebecca"

uname:Linux 3.13.0-37-generic #64-Ubuntu SMP Mon Sep 22 21:28:38 UTC 2014 x86_64
libc:glibc 2.19 NPTL 2.19 
rlimit: STACK 8192k, CORE 0k, NPROC 62245, NOFILE 4096, AS infinity
load average:2.02 0.84 0.46

/proc/meminfo:
MemTotal:        7998548 kB
MemFree:          133020 kB
Buffers:           89068 kB
Cached:          4527060 kB
SwapCached:            0 kB
Active:          4938612 kB
Inactive:        2569532 kB
Active(anon):    2896976 kB
Inactive(anon):   526272 kB
Active(file):    2041636 kB
Inactive(file):  2043260 kB
Unevictable:           0 kB
Mlocked:               0 kB
SwapTotal:             0 kB
SwapFree:              0 kB
Dirty:            180612 kB
Writeback:           392 kB
AnonPages:       2892232 kB
Mapped:           379544 kB
Shmem:            530632 kB
Slab:             230464 kB
SReclaimable:     187688 kB
SUnreclaim:        42776 kB
KernelStack:        5328 kB
PageTables:        33608 kB
NFS_Unstable:          0 kB
Bounce:                0 kB
WritebackTmp:          0 kB
CommitLimit:     3999272 kB
Committed_AS:    8566364 kB
VmallocTotal:   34359738367 kB
VmallocUsed:      361856 kB
VmallocChunk:   34359363664 kB
HardwareCorrupted:     0 kB
AnonHugePages:   1449984 kB
HugePages_Total:       0
HugePages_Free:        0
HugePages_Rsvd:        0
HugePages_Surp:        0
Hugepagesize:       2048 kB
DirectMap4k:       96624 kB
DirectMap2M:     4966400 kB
DirectMap1G:     3145728 kB


CPU:total 8 (4 cores per cpu, 2 threads per core) family 6 model 60 stepping 3, cmov, cx8, fxsr, mmx, sse, sse2, sse3, ssse3, sse4.1, sse4.2, popcnt, avx, avx2, aes, clmul, erms, lzcnt, ht, tsc, tscinvbit, bmi1, bmi2

/proc/cpuinfo:
processor	: 0
vendor_id	: GenuineIntel
cpu family	: 6
model		: 60
model name	: Intel(R) Core(TM) i7-4710MQ CPU @ 2.50GHz
stepping	: 3
microcode	: 0x17
cpu MHz		: 800.000
cache size	: 6144 KB
physical id	: 0
siblings	: 8
core id		: 0
cpu cores	: 4
apicid		: 0
initial apicid	: 0
fpu		: yes
fpu_exception	: yes
cpuid level	: 13
wp		: yes
flags		: fpu vme de pse tsc msr pae mce cx8 apic sep mtrr pge mca cmov pat pse36 clflush dts acpi mmx fxsr sse sse2 ss ht tm pbe syscall nx pdpe1gb rdtscp lm constant_tsc arch_perfmon pebs bts rep_good nopl xtopology nonstop_tsc aperfmperf eagerfpu pni pclmulqdq dtes64 monitor ds_cpl vmx est tm2 ssse3 fma cx16 xtpr pdcm pcid sse4_1 sse4_2 movbe popcnt tsc_deadline_timer aes xsave avx f16c rdrand lahf_lm abm ida arat epb xsaveopt pln pts dtherm tpr_shadow vnmi flexpriority ept vpid fsgsbase tsc_adjust bmi1 avx2 smep bmi2 erms invpcid
bogomips	: 4988.63
clflush size	: 64
cache_alignment	: 64
address sizes	: 39 bits physical, 48 bits virtual
power management:

processor	: 1
vendor_id	: GenuineIntel
cpu family	: 6
model		: 60
model name	: Intel(R) Core(TM) i7-4710MQ CPU @ 2.50GHz
stepping	: 3
microcode	: 0x17
cpu MHz		: 800.000
cache size	: 6144 KB
physical id	: 0
siblings	: 8
core id		: 1
cpu cores	: 4
apicid		: 2
initial apicid	: 2
fpu		: yes
fpu_exception	: yes
cpuid level	: 13
wp		: yes
flags		: fpu vme de pse tsc msr pae mce cx8 apic sep mtrr pge mca cmov pat pse36 clflush dts acpi mmx fxsr sse sse2 ss ht tm pbe syscall nx pdpe1gb rdtscp lm constant_tsc arch_perfmon pebs bts rep_good nopl xtopology nonstop_tsc aperfmperf eagerfpu pni pclmulqdq dtes64 monitor ds_cpl vmx est tm2 ssse3 fma cx16 xtpr pdcm pcid sse4_1 sse4_2 movbe popcnt tsc_deadline_timer aes xsave avx f16c rdrand lahf_lm abm ida arat epb xsaveopt pln pts dtherm tpr_shadow vnmi flexpriority ept vpid fsgsbase tsc_adjust bmi1 avx2 smep bmi2 erms invpcid
bogomips	: 4988.63
clflush size	: 64
cache_alignment	: 64
address sizes	: 39 bits physical, 48 bits virtual
power management:

processor	: 2
vendor_id	: GenuineIntel
cpu family	: 6
model		: 60
model name	: Intel(R) Core(TM) i7-4710MQ CPU @ 2.50GHz
stepping	: 3
microcode	: 0x17
cpu MHz		: 2501.000
cache size	: 6144 KB
physical id	: 0
siblings	: 8
core id		: 2
cpu cores	: 4
apicid		: 4
initial apicid	: 4
fpu		: yes
fpu_exception	: yes
cpuid level	: 13
wp		: yes
flags		: fpu vme de pse tsc msr pae mce cx8 apic sep mtrr pge mca cmov pat pse36 clflush dts acpi mmx fxsr sse sse2 ss ht tm pbe syscall nx pdpe1gb rdtscp lm constant_tsc arch_perfmon pebs bts rep_good nopl xtopology nonstop_tsc aperfmperf eagerfpu pni pclmulqdq dtes64 monitor ds_cpl vmx est tm2 ssse3 fma cx16 xtpr pdcm pcid sse4_1 sse4_2 movbe popcnt tsc_deadline_timer aes xsave avx f16c rdrand lahf_lm abm ida arat epb xsaveopt pln pts dtherm tpr_shadow vnmi flexpriority ept vpid fsgsbase tsc_adjust bmi1 avx2 smep bmi2 erms invpcid
bogomips	: 4988.63
clflush size	: 64
cache_alignment	: 64
address sizes	: 39 bits physical, 48 bits virtual
power management:

processor	: 3
vendor_id	: GenuineIntel
cpu family	: 6
model		: 60
model name	: Intel(R) Core(TM) i7-4710MQ CPU @ 2.50GHz
stepping	: 3
microcode	: 0x17
cpu MHz		: 800.000
cache size	: 6144 KB
physical id	: 0
siblings	: 8
core id		: 3
cpu cores	: 4
apicid		: 6
initial apicid	: 6
fpu		: yes
fpu_exception	: yes
cpuid level	: 13
wp		: yes
flags		: fpu vme de pse tsc msr pae mce cx8 apic sep mtrr pge mca cmov pat pse36 clflush dts acpi mmx fxsr sse sse2 ss ht tm pbe syscall nx pdpe1gb rdtscp lm constant_tsc arch_perfmon pebs bts rep_good nopl xtopology nonstop_tsc aperfmperf eagerfpu pni pclmulqdq dtes64 monitor ds_cpl vmx est tm2 ssse3 fma cx16 xtpr pdcm pcid sse4_1 sse4_2 movbe popcnt tsc_deadline_timer aes xsave avx f16c rdrand lahf_lm abm ida arat epb xsaveopt pln pts dtherm tpr_shadow vnmi flexpriority ept vpid fsgsbase tsc_adjust bmi1 avx2 smep bmi2 erms invpcid
bogomips	: 4988.63
clflush size	: 64
cache_alignment	: 64
address sizes	: 39 bits physical, 48 bits virtual
power management:

processor	: 4
vendor_id	: GenuineIntel
cpu family	: 6
model		: 60
model name	: Intel(R) Core(TM) i7-4710MQ CPU @ 2.50GHz
stepping	: 3
microcode	: 0x17
cpu MHz		: 800.000
cache size	: 6144 KB
physical id	: 0
siblings	: 8
core id		: 0
cpu cores	: 4
apicid		: 1
initial apicid	: 1
fpu		: yes
fpu_exception	: yes
cpuid level	: 13
wp		: yes
flags		: fpu vme de pse tsc msr pae mce cx8 apic sep mtrr pge mca cmov pat pse36 clflush dts acpi mmx fxsr sse sse2 ss ht tm pbe syscall nx pdpe1gb rdtscp lm constant_tsc arch_perfmon pebs bts rep_good nopl xtopology nonstop_tsc aperfmperf eagerfpu pni pclmulqdq dtes64 monitor ds_cpl vmx est tm2 ssse3 fma cx16 xtpr pdcm pcid sse4_1 sse4_2 movbe popcnt tsc_deadline_timer aes xsave avx f16c rdrand lahf_lm abm ida arat epb xsaveopt pln pts dtherm tpr_shadow vnmi flexpriority ept vpid fsgsbase tsc_adjust bmi1 avx2 smep bmi2 erms invpcid
bogomips	: 4988.63
clflush size	: 64
cache_alignment	: 64
address sizes	: 39 bits physical, 48 bits virtual
power management:

processor	: 5
vendor_id	: GenuineIntel
cpu family	: 6
model		: 60
model name	: Intel(R) Core(TM) i7-4710MQ CPU @ 2.50GHz
stepping	: 3
microcode	: 0x17
cpu MHz		: 800.000
cache size	: 6144 KB
physical id	: 0
siblings	: 8
core id		: 1
cpu cores	: 4
apicid		: 3
initial apicid	: 3
fpu		: yes
fpu_exception	: yes
cpuid level	: 13
wp		: yes
flags		: fpu vme de pse tsc msr pae mce cx8 apic sep mtrr pge mca cmov pat pse36 clflush dts acpi mmx fxsr sse sse2 ss ht tm pbe syscall nx pdpe1gb rdtscp lm constant_tsc arch_perfmon pebs bts rep_good nopl xtopology nonstop_tsc aperfmperf eagerfpu pni pclmulqdq dtes64 monitor ds_cpl vmx est tm2 ssse3 fma cx16 xtpr pdcm pcid sse4_1 sse4_2 movbe popcnt tsc_deadline_timer aes xsave avx f16c rdrand lahf_lm abm ida arat epb xsaveopt pln pts dtherm tpr_shadow vnmi flexpriority ept vpid fsgsbase tsc_adjust bmi1 avx2 smep bmi2 erms invpcid
bogomips	: 4988.63
clflush size	: 64
cache_alignment	: 64
address sizes	: 39 bits physical, 48 bits virtual
power management:

processor	: 6
vendor_id	: GenuineIntel
cpu family	: 6
model		: 60
model name	: Intel(R) Core(TM) i7-4710MQ CPU @ 2.50GHz
stepping	: 3
microcode	: 0x17
cpu MHz		: 2501.000
cache size	: 6144 KB
physical id	: 0
siblings	: 8
core id		: 2
cpu cores	: 4
apicid		: 5
initial apicid	: 5
fpu		: yes
fpu_exception	: yes
cpuid level	: 13
wp		: yes
flags		: fpu vme de pse tsc msr pae mce cx8 apic sep mtrr pge mca cmov pat pse36 clflush dts acpi mmx fxsr sse sse2 ss ht tm pbe syscall nx pdpe1gb rdtscp lm constant_tsc arch_perfmon pebs bts rep_good nopl xtopology nonstop_tsc aperfmperf eagerfpu pni pclmulqdq dtes64 monitor ds_cpl vmx est tm2 ssse3 fma cx16 xtpr pdcm pcid sse4_1 sse4_2 movbe popcnt tsc_deadline_timer aes xsave avx f16c rdrand lahf_lm abm ida arat epb xsaveopt pln pts dtherm tpr_shadow vnmi flexpriority ept vpid fsgsbase tsc_adjust bmi1 avx2 smep bmi2 erms invpcid
bogomips	: 4988.63
clflush size	: 64
cache_alignment	: 64
address sizes	: 39 bits physical, 48 bits virtual
power management:

processor	: 7
vendor_id	: GenuineIntel
cpu family	: 6
model		: 60
model name	: Intel(R) Core(TM) i7-4710MQ CPU @ 2.50GHz
stepping	: 3
microcode	: 0x17
cpu MHz		: 800.000
cache size	: 6144 KB
physical id	: 0
siblings	: 8
core id		: 3
cpu cores	: 4
apicid		: 7
initial apicid	: 7
fpu		: yes
fpu_exception	: yes
cpuid level	: 13
wp		: yes
flags		: fpu vme de pse tsc msr pae mce cx8 apic sep mtrr pge mca cmov pat pse36 clflush dts acpi mmx fxsr sse sse2 ss ht tm pbe syscall nx pdpe1gb rdtscp lm constant_tsc arch_perfmon pebs bts rep_good nopl xtopology nonstop_tsc aperfmperf eagerfpu pni pclmulqdq dtes64 monitor ds_cpl vmx est tm2 ssse3 fma cx16 xtpr pdcm pcid sse4_1 sse4_2 movbe popcnt tsc_deadline_timer aes xsave avx f16c rdrand lahf_lm abm ida arat epb xsaveopt pln pts dtherm tpr_shadow vnmi flexpriority ept vpid fsgsbase tsc_adjust bmi1 avx2 smep bmi2 erms invpcid
bogomips	: 4988.63
clflush size	: 64
cache_alignment	: 64
address sizes	: 39 bits physical, 48 bits virtual
power management:



Memory: 4k page, physical 7998548k(133020k free), swap 0k(0k free)

vm_info: Java HotSpot(TM) 64-Bit Server VM (25.40-b25) for linux-amd64 JRE (1.8.0_40-b25), built on Feb 10 2015 21:29:53 by "java_re" with gcc 4.3.0 20080428 (Red Hat 4.3.0-8)

time: Fri May 15 15:48:20 2015
elapsed time: 0 seconds (0d 0h 0m 0s)

